\BOOKMARK [0][]{chapter.1}{\376\377\0001\000\040\000L\000a\000r\000g\000e\000\040\000L\000a\000n\000g\000u\000a\000g\000e\000\040\000M\000o\000d\000e\000l}{}% 1
\BOOKMARK [1][]{section.1.1}{\376\377\0001\000.\0001\000\040\000E\000q\000u\000i\000f\000o\000r\000m\000e\000r}{chapter.1}% 2
<<<<<<< HEAD
\BOOKMARK [1][]{section.1.2}{\376\377\0001\000.\0002\000\040\000I\000n\000v\000e\000r\000s\000e\000\040\000d\000e\000s\000i\000g\000n}{chapter.1}% 3
\BOOKMARK [0][]{chapter.2}{\376\377\0002\000\040\000D\000e\000e\000p\000\040\000M\000o\000l\000e\000c\000u\000l\000a\000r\000\040\000d\000y\000n\000a\000m\000i\000c\000s}{}% 4
\BOOKMARK [1][]{section.2.1}{\376\377\0002\000.\0001\000\040\000m\000o\000l\000e\000c\000u\000l\000a\000r\000\040\000d\000y\000n\000a\000m\000i\000c\000s}{chapter.2}% 5
\BOOKMARK [1][]{section.2.2}{\376\377\0002\000.\0002\000\040\000M\000u\000l\000t\000i\000-\000A\000g\000e\000n\000t\000\040\000I\000n\000t\000e\000l\000l\000i\000g\000e\000n\000t}{chapter.2}% 6
\BOOKMARK [1][]{section.2.3}{\376\377\0002\000.\0003\000\040\000C\000B\000P\000F\000N\000e\000t}{chapter.2}% 7
\BOOKMARK [1][]{section.2.4}{\376\377\0002\000.\0004\000\040\000M\000a\000c\000h\000i\000n\000e\000\040\000L\000e\000a\000r\000n\000i\000n\000g\000\040\000P\000o\000t\000e\000n\000t\000i\000a\000l\000s}{chapter.2}% 8
=======
\BOOKMARK [0][]{chapter.2}{\376\377\0002\000\040\000D\000e\000e\000p\000\040\000M\000o\000l\000e\000c\000u\000l\000a\000r\000\040\000d\000y\000n\000a\000m\000i\000c\000s}{}% 3
\BOOKMARK [1][]{section.2.1}{\376\377\0002\000.\0001\000\040\000m\000o\000l\000e\000c\000u\000l\000a\000r\000\040\000d\000y\000n\000a\000m\000i\000c\000s}{chapter.2}% 4
\BOOKMARK [1][]{section.2.2}{\376\377\0002\000.\0002\000\040\000D\000e\000e\000P\000M\000D}{chapter.2}% 5
\BOOKMARK [1][]{section.2.3}{\376\377\0002\000.\0003\000\040\000M\000u\000l\000t\000i\000-\000A\000g\000e\000n\000t\000\040\000I\000n\000t\000e\000l\000l\000i\000g\000e\000n\000t}{chapter.2}% 6
\BOOKMARK [1][]{section.2.4}{\376\377\0002\000.\0004\000\040\000C\000B\000P\000F\000N\000e\000t}{chapter.2}% 7
\BOOKMARK [0][]{chapter.3}{\376\377\0003\000\040\0002\000D\000\040\000m\000a\000t\000e\000r\000i\000a\000l\000s\000\040\000a\000n\000d\000\040\000h\000e\000t\000e\000r\000o\000s\000t\000r\000u\000c\000t\000u\000r\000e\000s}{}% 8
\BOOKMARK [1][]{section.3.1}{\376\377\0003\000.\0001\000\040\000c\000h\000a\000r\000a\000c\000t\000e\000r\000i\000z\000i\000n\000g\000\040\000s\000t\000r\000u\000c\000t\000u\000r\000e}{chapter.3}% 9
\BOOKMARK [1][]{section.3.2}{\376\377\0003\000.\0002\000\040\000p\000r\000e\000d\000i\000c\000t\000i\000n\000g\000\040\000p\000r\000o\000p\000e\000r\000t\000i\000e\000s}{chapter.3}% 10
\BOOKMARK [1][]{section.3.3}{\376\377\0003\000.\0003\000\040\000i\000n\000v\000e\000r\000s\000e\000\040\000d\000e\000s\000i\000g\000n}{chapter.3}% 11
>>>>>>> 35ed8ce290410fabc34c01e9de4884a4cb28253a
